2022-04-15 14:45:10.690 [main] INFO  com.tuzhi.edu_service.EduApplication - Starting EduApplication using Java 1.8.0_181 on DESKTOP-3MRPDJE with PID 4056 (D:\项目\谷粒学院\guli_parent\service\service_edu\target\classes started by Lenovo in D:\项目\谷粒学院\guli_parent)
2022-04-15 14:45:10.698 [main] INFO  com.tuzhi.edu_service.EduApplication - The following 1 profile is active: "dev"
2022-04-15 14:45:12.214 [main] INFO  o.s.boot.web.embedded.tomcat.TomcatWebServer - Tomcat initialized with port(s): 8001 (http)
2022-04-15 14:45:12.215 [main] INFO  org.apache.catalina.core.AprLifecycleListener - Loaded Apache Tomcat Native library [1.2.31] using APR version [1.7.0].
2022-04-15 14:45:12.216 [main] INFO  org.apache.catalina.core.AprLifecycleListener - APR capabilities: IPv6 [true], sendfile [true], accept filters [false], random [true], UDS [true].
2022-04-15 14:45:12.216 [main] INFO  org.apache.catalina.core.AprLifecycleListener - APR/OpenSSL configuration: useAprConnector [false], useOpenSSL [true]
2022-04-15 14:45:12.220 [main] INFO  org.apache.catalina.core.AprLifecycleListener - OpenSSL successfully initialized [OpenSSL 1.1.1l  24 Aug 2021]
2022-04-15 14:45:12.228 [main] INFO  org.apache.coyote.http11.Http11NioProtocol - Initializing ProtocolHandler ["http-nio-8001"]
2022-04-15 14:45:12.228 [main] INFO  org.apache.catalina.core.StandardService - Starting service [Tomcat]
2022-04-15 14:45:12.229 [main] INFO  org.apache.catalina.core.StandardEngine - Starting Servlet engine: [Apache Tomcat/9.0.58]
2022-04-15 14:45:12.318 [main] INFO  o.a.c.core.ContainerBase.[Tomcat].[localhost].[/] - Initializing Spring embedded WebApplicationContext
2022-04-15 14:45:12.318 [main] INFO  o.s.b.w.s.c.ServletWebServerApplicationContext - Root WebApplicationContext: initialization completed in 1541 ms
2022-04-15 14:45:13.558 [main] INFO  s.d.s.w.PropertySourcedRequestMappingHandlerMapping - Mapped URL path [/v2/api-docs] onto method [springfox.documentation.swagger2.web.Swagger2Controller#getDocumentation(String, HttpServletRequest)]
2022-04-15 14:45:13.763 [main] INFO  org.apache.coyote.http11.Http11NioProtocol - Starting ProtocolHandler ["http-nio-8001"]
2022-04-15 14:45:13.781 [main] INFO  o.s.boot.web.embedded.tomcat.TomcatWebServer - Tomcat started on port(s): 8001 (http) with context path ''
2022-04-15 14:45:13.782 [main] INFO  s.d.s.web.plugins.DocumentationPluginsBootstrapper - Context refreshed
2022-04-15 14:45:13.797 [main] INFO  s.d.s.web.plugins.DocumentationPluginsBootstrapper - Found 1 custom documentation plugin(s)
2022-04-15 14:45:13.824 [main] INFO  s.d.spring.web.scanners.ApiListingReferenceScanner - Scanning for api listing references
2022-04-15 14:45:13.950 [main] INFO  s.d.s.w.r.operation.CachingOperationNameGenerator - Generating unique operation named: pageTeacherConditoinUsingPOST_1
2022-04-15 14:45:13.976 [main] INFO  com.tuzhi.edu_service.EduApplication - Started EduApplication in 3.923 seconds (JVM running for 5.528)
2022-04-15 14:53:38.424 [main] INFO  com.tuzhi.edu_service.EduApplication - Starting EduApplication using Java 1.8.0_181 on DESKTOP-3MRPDJE with PID 14164 (D:\项目\谷粒学院\guli_parent\service\service_edu\target\classes started by Lenovo in D:\项目\谷粒学院\guli_parent)
2022-04-15 14:53:38.428 [main] INFO  com.tuzhi.edu_service.EduApplication - The following 1 profile is active: "dev"
2022-04-15 14:53:39.565 [main] INFO  o.springframework.cloud.context.scope.GenericScope - BeanFactory id=eea8004e-147f-3b5a-8999-793b6c7d9b69
2022-04-15 14:53:39.836 [main] INFO  o.s.boot.web.embedded.tomcat.TomcatWebServer - Tomcat initialized with port(s): 8001 (http)
2022-04-15 14:53:39.837 [main] INFO  org.apache.catalina.core.AprLifecycleListener - Loaded Apache Tomcat Native library [1.2.31] using APR version [1.7.0].
2022-04-15 14:53:39.837 [main] INFO  org.apache.catalina.core.AprLifecycleListener - APR capabilities: IPv6 [true], sendfile [true], accept filters [false], random [true], UDS [true].
2022-04-15 14:53:39.837 [main] INFO  org.apache.catalina.core.AprLifecycleListener - APR/OpenSSL configuration: useAprConnector [false], useOpenSSL [true]
2022-04-15 14:53:39.840 [main] INFO  org.apache.catalina.core.AprLifecycleListener - OpenSSL successfully initialized [OpenSSL 1.1.1l  24 Aug 2021]
2022-04-15 14:53:39.848 [main] INFO  org.apache.coyote.http11.Http11NioProtocol - Initializing ProtocolHandler ["http-nio-8001"]
2022-04-15 14:53:39.849 [main] INFO  org.apache.catalina.core.StandardService - Starting service [Tomcat]
2022-04-15 14:53:39.849 [main] INFO  org.apache.catalina.core.StandardEngine - Starting Servlet engine: [Apache Tomcat/9.0.58]
2022-04-15 14:53:39.942 [main] INFO  o.a.c.core.ContainerBase.[Tomcat].[localhost].[/] - Initializing Spring embedded WebApplicationContext
2022-04-15 14:53:39.943 [main] INFO  o.s.b.w.s.c.ServletWebServerApplicationContext - Root WebApplicationContext: initialization completed in 1456 ms
2022-04-15 14:53:41.583 [main] INFO  s.d.s.w.PropertySourcedRequestMappingHandlerMapping - Mapped URL path [/v2/api-docs] onto method [springfox.documentation.swagger2.web.Swagger2Controller#getDocumentation(String, HttpServletRequest)]
2022-04-15 14:53:41.609 [main] INFO  com.netflix.config.sources.URLConfigurationSource - To enable URLs as dynamic configuration sources, define System property archaius.configurationSource.additionalUrls or make config.properties available on classpath.
2022-04-15 14:53:41.618 [main] INFO  com.netflix.config.sources.URLConfigurationSource - To enable URLs as dynamic configuration sources, define System property archaius.configurationSource.additionalUrls or make config.properties available on classpath.
2022-04-15 14:53:42.614 [main] INFO  org.apache.coyote.http11.Http11NioProtocol - Starting ProtocolHandler ["http-nio-8001"]
2022-04-15 14:53:42.635 [main] INFO  o.s.boot.web.embedded.tomcat.TomcatWebServer - Tomcat started on port(s): 8001 (http) with context path ''
2022-04-15 14:53:42.754 [main] INFO  o.s.c.alibaba.nacos.registry.NacosServiceRegistry - nacos registry, serve-edu 192.168.153.1:8001 register finished
2022-04-15 14:53:43.201 [main] INFO  s.d.s.web.plugins.DocumentationPluginsBootstrapper - Context refreshed
2022-04-15 14:53:43.217 [main] INFO  s.d.s.web.plugins.DocumentationPluginsBootstrapper - Found 1 custom documentation plugin(s)
2022-04-15 14:53:43.251 [main] INFO  s.d.spring.web.scanners.ApiListingReferenceScanner - Scanning for api listing references
2022-04-15 14:53:43.401 [main] INFO  s.d.s.w.r.operation.CachingOperationNameGenerator - Generating unique operation named: pageTeacherConditoinUsingPOST_1
2022-04-15 14:53:43.432 [main] INFO  com.tuzhi.edu_service.EduApplication - Started EduApplication in 6.198 seconds (JVM running for 7.688)
2022-04-15 15:27:57.665 [main] INFO  com.tuzhi.edu_service.EduApplication - Starting EduApplication using Java 1.8.0_181 on DESKTOP-3MRPDJE with PID 7172 (D:\项目\谷粒学院\guli_parent\service\service_edu\target\classes started by Lenovo in D:\项目\谷粒学院\guli_parent)
2022-04-15 15:27:57.668 [main] INFO  com.tuzhi.edu_service.EduApplication - The following 1 profile is active: "dev"
2022-04-15 15:27:58.690 [main] INFO  o.springframework.cloud.context.scope.GenericScope - BeanFactory id=eea8004e-147f-3b5a-8999-793b6c7d9b69
2022-04-15 15:27:58.987 [main] INFO  o.s.boot.web.embedded.tomcat.TomcatWebServer - Tomcat initialized with port(s): 8001 (http)
2022-04-15 15:27:58.988 [main] INFO  org.apache.catalina.core.AprLifecycleListener - Loaded Apache Tomcat Native library [1.2.31] using APR version [1.7.0].
2022-04-15 15:27:58.988 [main] INFO  org.apache.catalina.core.AprLifecycleListener - APR capabilities: IPv6 [true], sendfile [true], accept filters [false], random [true], UDS [true].
2022-04-15 15:27:58.988 [main] INFO  org.apache.catalina.core.AprLifecycleListener - APR/OpenSSL configuration: useAprConnector [false], useOpenSSL [true]
2022-04-15 15:27:58.991 [main] INFO  org.apache.catalina.core.AprLifecycleListener - OpenSSL successfully initialized [OpenSSL 1.1.1l  24 Aug 2021]
2022-04-15 15:27:58.998 [main] INFO  org.apache.coyote.http11.Http11NioProtocol - Initializing ProtocolHandler ["http-nio-8001"]
2022-04-15 15:27:58.999 [main] INFO  org.apache.catalina.core.StandardService - Starting service [Tomcat]
2022-04-15 15:27:58.999 [main] INFO  org.apache.catalina.core.StandardEngine - Starting Servlet engine: [Apache Tomcat/9.0.58]
2022-04-15 15:27:59.082 [main] INFO  o.a.c.core.ContainerBase.[Tomcat].[localhost].[/] - Initializing Spring embedded WebApplicationContext
2022-04-15 15:27:59.082 [main] INFO  o.s.b.w.s.c.ServletWebServerApplicationContext - Root WebApplicationContext: initialization completed in 1360 ms
2022-04-15 15:28:00.801 [main] INFO  s.d.s.w.PropertySourcedRequestMappingHandlerMapping - Mapped URL path [/v2/api-docs] onto method [springfox.documentation.swagger2.web.Swagger2Controller#getDocumentation(String, HttpServletRequest)]
2022-04-15 15:28:00.821 [main] INFO  com.netflix.config.sources.URLConfigurationSource - To enable URLs as dynamic configuration sources, define System property archaius.configurationSource.additionalUrls or make config.properties available on classpath.
2022-04-15 15:28:00.827 [main] INFO  com.netflix.config.sources.URLConfigurationSource - To enable URLs as dynamic configuration sources, define System property archaius.configurationSource.additionalUrls or make config.properties available on classpath.
2022-04-15 15:28:02.064 [main] INFO  org.apache.coyote.http11.Http11NioProtocol - Starting ProtocolHandler ["http-nio-8001"]
2022-04-15 15:28:02.085 [main] INFO  o.s.boot.web.embedded.tomcat.TomcatWebServer - Tomcat started on port(s): 8001 (http) with context path ''
2022-04-15 15:28:02.141 [main] INFO  o.s.c.alibaba.nacos.registry.NacosServiceRegistry - nacos registry, serve-edu 192.168.153.1:8001 register finished
2022-04-15 15:28:02.468 [main] INFO  s.d.s.web.plugins.DocumentationPluginsBootstrapper - Context refreshed
2022-04-15 15:28:02.483 [main] INFO  s.d.s.web.plugins.DocumentationPluginsBootstrapper - Found 1 custom documentation plugin(s)
2022-04-15 15:28:02.512 [main] INFO  s.d.spring.web.scanners.ApiListingReferenceScanner - Scanning for api listing references
2022-04-15 15:28:02.660 [main] INFO  s.d.s.w.r.operation.CachingOperationNameGenerator - Generating unique operation named: pageTeacherConditoinUsingPOST_1
2022-04-15 15:28:02.688 [main] INFO  com.tuzhi.edu_service.EduApplication - Started EduApplication in 6.245 seconds (JVM running for 7.493)
2022-04-15 16:48:43.357 [http-nio-8001-exec-1] INFO  o.a.c.core.ContainerBase.[Tomcat].[localhost].[/] - Initializing Spring DispatcherServlet 'dispatcherServlet'
2022-04-15 16:48:43.357 [http-nio-8001-exec-1] INFO  org.springframework.web.servlet.DispatcherServlet - Initializing Servlet 'dispatcherServlet'
2022-04-15 16:48:43.359 [http-nio-8001-exec-1] INFO  org.springframework.web.servlet.DispatcherServlet - Completed initialization in 2 ms
2022-04-15 16:48:46.598 [http-nio-8001-exec-6] INFO  com.zaxxer.hikari.HikariDataSource - HikariPool-1 - Starting...
2022-04-15 16:48:46.714 [http-nio-8001-exec-6] INFO  com.zaxxer.hikari.HikariDataSource - HikariPool-1 - Start completed.
