2022-04-21 09:55:33.116 [main] INFO  com.tuzhi.edu_service.EduApplication - Starting EduApplication using Java 1.8.0_181 on DESKTOP-3MRPDJE with PID 9000 (D:\项目\谷粒学院\guli_parent\service\service_edu\target\classes started by Lenovo in D:\项目\谷粒学院\guli_parent)
2022-04-21 09:55:33.121 [main] INFO  com.tuzhi.edu_service.EduApplication - The following 1 profile is active: "dev"
2022-04-21 09:55:36.232 [main] INFO  o.springframework.cloud.context.scope.GenericScope - BeanFactory id=660e4bca-2f4a-35bf-8e7c-26afe5b6fd6b
2022-04-21 09:55:37.145 [main] INFO  o.s.boot.web.embedded.tomcat.TomcatWebServer - Tomcat initialized with port(s): 8001 (http)
2022-04-21 09:55:37.147 [main] INFO  org.apache.catalina.core.AprLifecycleListener - Loaded Apache Tomcat Native library [1.2.31] using APR version [1.7.0].
2022-04-21 09:55:37.148 [main] INFO  org.apache.catalina.core.AprLifecycleListener - APR capabilities: IPv6 [true], sendfile [true], accept filters [false], random [true], UDS [true].
2022-04-21 09:55:37.148 [main] INFO  org.apache.catalina.core.AprLifecycleListener - APR/OpenSSL configuration: useAprConnector [false], useOpenSSL [true]
2022-04-21 09:55:37.174 [main] INFO  org.apache.catalina.core.AprLifecycleListener - OpenSSL successfully initialized [OpenSSL 1.1.1l  24 Aug 2021]
2022-04-21 09:55:37.194 [main] INFO  org.apache.coyote.http11.Http11NioProtocol - Initializing ProtocolHandler ["http-nio-8001"]
2022-04-21 09:55:37.195 [main] INFO  org.apache.catalina.core.StandardService - Starting service [Tomcat]
2022-04-21 09:55:37.196 [main] INFO  org.apache.catalina.core.StandardEngine - Starting Servlet engine: [Apache Tomcat/9.0.58]
2022-04-21 09:55:37.417 [main] INFO  o.a.c.core.ContainerBase.[Tomcat].[localhost].[/] - Initializing Spring embedded WebApplicationContext
2022-04-21 09:55:37.418 [main] INFO  o.s.b.w.s.c.ServletWebServerApplicationContext - Root WebApplicationContext: initialization completed in 4247 ms
2022-04-21 09:55:40.113 [main] INFO  o.s.cloud.openfeign.FeignClientFactoryBean - For 'service-vod' URL not provided. Will try picking an instance via load-balancing.
2022-04-21 09:55:40.523 [main] INFO  s.d.s.w.PropertySourcedRequestMappingHandlerMapping - Mapped URL path [/v2/api-docs] onto method [springfox.documentation.swagger2.web.Swagger2Controller#getDocumentation(String, HttpServletRequest)]
2022-04-21 09:55:40.550 [main] INFO  com.netflix.config.sources.URLConfigurationSource - To enable URLs as dynamic configuration sources, define System property archaius.configurationSource.additionalUrls or make config.properties available on classpath.
2022-04-21 09:55:40.555 [main] INFO  com.netflix.config.sources.URLConfigurationSource - To enable URLs as dynamic configuration sources, define System property archaius.configurationSource.additionalUrls or make config.properties available on classpath.
2022-04-21 09:55:42.148 [main] INFO  org.springframework.cloud.commons.util.InetUtils - Cannot determine local hostname
2022-04-21 09:55:43.558 [main] INFO  org.springframework.cloud.commons.util.InetUtils - Cannot determine local hostname
2022-04-21 09:55:43.681 [main] INFO  org.apache.coyote.http11.Http11NioProtocol - Starting ProtocolHandler ["http-nio-8001"]
2022-04-21 09:55:43.704 [main] INFO  o.s.boot.web.embedded.tomcat.TomcatWebServer - Tomcat started on port(s): 8001 (http) with context path ''
2022-04-21 09:55:47.200 [main] INFO  org.springframework.cloud.commons.util.InetUtils - Cannot determine local hostname
2022-04-21 09:55:47.200 [main] INFO  s.d.s.web.plugins.DocumentationPluginsBootstrapper - Context refreshed
2022-04-21 09:55:47.217 [main] INFO  s.d.s.web.plugins.DocumentationPluginsBootstrapper - Found 1 custom documentation plugin(s)
2022-04-21 09:55:47.255 [main] INFO  s.d.spring.web.scanners.ApiListingReferenceScanner - Scanning for api listing references
2022-04-21 09:55:47.429 [main] INFO  s.d.s.w.r.operation.CachingOperationNameGenerator - Generating unique operation named: pageTeacherConditoinUsingPOST_1
2022-04-21 09:55:47.465 [main] INFO  com.tuzhi.edu_service.EduApplication - Started EduApplication in 16.649 seconds (JVM running for 17.937)
2022-04-21 09:55:59.728 [http-nio-8001-exec-1] INFO  o.a.c.core.ContainerBase.[Tomcat].[localhost].[/] - Initializing Spring DispatcherServlet 'dispatcherServlet'
2022-04-21 09:55:59.728 [http-nio-8001-exec-1] INFO  org.springframework.web.servlet.DispatcherServlet - Initializing Servlet 'dispatcherServlet'
2022-04-21 09:55:59.729 [http-nio-8001-exec-1] INFO  org.springframework.web.servlet.DispatcherServlet - Completed initialization in 1 ms
2022-04-21 09:56:38.008 [http-nio-8001-exec-9] INFO  com.zaxxer.hikari.HikariDataSource - HikariPool-1 - Starting...
2022-04-21 09:56:38.161 [http-nio-8001-exec-9] INFO  com.zaxxer.hikari.HikariDataSource - HikariPool-1 - Start completed.
