2022-03-30 21:00:14.382 [main] INFO  com.tuzhi.edu_service.EduApplication - Starting EduApplication using Java 1.8.0_181 on DESKTOP-3MRPDJE with PID 2580 (D:\项目\谷粒学院\guli_parent\service\service_edu\target\classes started by Lenovo in D:\项目\谷粒学院\guli_parent)
2022-03-30 21:00:14.411 [main] INFO  com.tuzhi.edu_service.EduApplication - The following 1 profile is active: "dev"
2022-03-30 21:00:16.087 [main] INFO  o.s.boot.web.embedded.tomcat.TomcatWebServer - Tomcat initialized with port(s): 8001 (http)
2022-03-30 21:00:16.088 [main] INFO  org.apache.catalina.core.AprLifecycleListener - Loaded Apache Tomcat Native library [1.2.31] using APR version [1.7.0].
2022-03-30 21:00:16.089 [main] INFO  org.apache.catalina.core.AprLifecycleListener - APR capabilities: IPv6 [true], sendfile [true], accept filters [false], random [true], UDS [true].
2022-03-30 21:00:16.089 [main] INFO  org.apache.catalina.core.AprLifecycleListener - APR/OpenSSL configuration: useAprConnector [false], useOpenSSL [true]
2022-03-30 21:00:16.093 [main] INFO  org.apache.catalina.core.AprLifecycleListener - OpenSSL successfully initialized [OpenSSL 1.1.1l  24 Aug 2021]
2022-03-30 21:00:16.101 [main] INFO  org.apache.coyote.http11.Http11NioProtocol - Initializing ProtocolHandler ["http-nio-8001"]
2022-03-30 21:00:16.102 [main] INFO  org.apache.catalina.core.StandardService - Starting service [Tomcat]
2022-03-30 21:00:16.102 [main] INFO  org.apache.catalina.core.StandardEngine - Starting Servlet engine: [Apache Tomcat/9.0.58]
2022-03-30 21:00:16.181 [main] INFO  o.a.c.core.ContainerBase.[Tomcat].[localhost].[/] - Initializing Spring embedded WebApplicationContext
2022-03-30 21:00:16.181 [main] INFO  o.s.b.w.s.c.ServletWebServerApplicationContext - Root WebApplicationContext: initialization completed in 1658 ms
2022-03-30 21:00:17.462 [main] INFO  s.d.s.w.PropertySourcedRequestMappingHandlerMapping - Mapped URL path [/v2/api-docs] onto method [springfox.documentation.swagger2.web.Swagger2Controller#getDocumentation(String, HttpServletRequest)]
2022-03-30 21:00:17.779 [main] INFO  org.apache.coyote.http11.Http11NioProtocol - Starting ProtocolHandler ["http-nio-8001"]
2022-03-30 21:00:17.807 [main] INFO  o.s.boot.web.embedded.tomcat.TomcatWebServer - Tomcat started on port(s): 8001 (http) with context path ''
2022-03-30 21:00:17.809 [main] INFO  s.d.s.web.plugins.DocumentationPluginsBootstrapper - Context refreshed
2022-03-30 21:00:17.831 [main] INFO  s.d.s.web.plugins.DocumentationPluginsBootstrapper - Found 1 custom documentation plugin(s)
2022-03-30 21:00:17.876 [main] INFO  s.d.spring.web.scanners.ApiListingReferenceScanner - Scanning for api listing references
2022-03-30 21:00:18.053 [main] INFO  com.tuzhi.edu_service.EduApplication - Started EduApplication in 4.644 seconds (JVM running for 6.685)
2022-03-30 21:00:40.427 [http-nio-8001-exec-1] INFO  o.a.c.core.ContainerBase.[Tomcat].[localhost].[/] - Initializing Spring DispatcherServlet 'dispatcherServlet'
2022-03-30 21:00:40.427 [http-nio-8001-exec-1] INFO  org.springframework.web.servlet.DispatcherServlet - Initializing Servlet 'dispatcherServlet'
2022-03-30 21:00:40.429 [http-nio-8001-exec-1] INFO  org.springframework.web.servlet.DispatcherServlet - Completed initialization in 2 ms
2022-03-30 21:00:44.589 [http-nio-8001-exec-6] INFO  com.zaxxer.hikari.HikariDataSource - HikariPool-1 - Starting...
2022-03-30 21:00:44.762 [http-nio-8001-exec-6] INFO  com.zaxxer.hikari.HikariDataSource - HikariPool-1 - Start completed.
